<?xml version="1.0" encoding="UTF-8"?>
<testsuite name="PrefixSumTest" tests="2" skipped="0" failures="0" errors="0" timestamp="2021-10-09T08:40:52" hostname="LAPTOP-71EJI5B4" time="0.014">
  <properties/>
  <testcase name="prefixSum()" classname="PrefixSumTest" time="0.013"/>
  <testcase name="sumInt()" classname="PrefixSumTest" time="0.0"/>
  <system-out><![CDATA[]]></system-out>
  <system-err><![CDATA[]]></system-err>
</testsuite>
