<?xml version="1.0" encoding="UTF-8"?>
<testsuite name="SLListTest" tests="2" skipped="0" failures="0" errors="0" timestamp="2021-10-12T12:00:34" hostname="LAPTOP-71EJI5B4" time="0.017">
  <properties/>
  <testcase name="get()" classname="SLListTest" time="0.016"/>
  <testcase name="getFirst()" classname="SLListTest" time="0.0"/>
  <system-out><![CDATA[]]></system-out>
  <system-err><![CDATA[]]></system-err>
</testsuite>
